<?xml version="1.0" encoding="UTF-8"?>
<!-- Generated by org.testng.reporters.JUnitReportReporter -->
<testsuite hostname="Vishal-PC" failures="0" tests="1" name="Demo.AmazonTest" time="1.782" errors="0" timestamp="2024-03-08T18:47:54 IST" skipped="0">
  <testcase classname="Demo.AmazonTest" name="launchAmazon" time="1.782"/>
  <system-out/>
</testsuite> <!-- Demo.AmazonTest -->
